<?xml version="1.0" encoding="UTF-8"?>
<testsuite name="Scenario: I load Runicorn" time="0.3" tests="20" errors="0" skipped="0" failures="0">
  <properties>
    <property name="java.runtime.name" value="OpenJDK Runtime Environment"/>
    <property name="sun.boot.library.path" value="/usr/lib/jvm/java-8-openjdk-amd64/jre/lib/amd64"/>
    <property name="java.vm.version" value="25.121-b13"/>
    <property name="java.vm.vendor" value="Oracle Corporation"/>
    <property name="maven.multiModuleProjectDirectory" value="/usr/src/mymaven"/>
    <property name="java.vendor.url" value="http://java.oracle.com/"/>
    <property name="path.separator" value=":"/>
    <property name="guice.disable.misplaced.annotation.check" value="true"/>
    <property name="java.vm.name" value="OpenJDK 64-Bit Server VM"/>
    <property name="file.encoding.pkg" value="sun.io"/>
    <property name="sun.java.launcher" value="SUN_STANDARD"/>
    <property name="sun.os.patch.level" value="unknown"/>
    <property name="java.vm.specification.name" value="Java Virtual Machine Specification"/>
    <property name="user.dir" value="/usr/src/mymaven"/>
    <property name="java.runtime.version" value="1.8.0_121-8u121-b13-1~bpo8+1-b13"/>
    <property name="java.awt.graphicsenv" value="sun.awt.X11GraphicsEnvironment"/>
    <property name="java.endorsed.dirs" value="/usr/lib/jvm/java-8-openjdk-amd64/jre/lib/endorsed"/>
    <property name="os.arch" value="amd64"/>
    <property name="java.io.tmpdir" value="/tmp"/>
    <property name="line.separator" value="&#10;"/>
    <property name="java.vm.specification.vendor" value="Oracle Corporation"/>
    <property name="os.name" value="Linux"/>
    <property name="classworlds.conf" value="/usr/share/maven/bin/m2.conf"/>
    <property name="sun.jnu.encoding" value="UTF-8"/>
    <property name="java.library.path" value="/usr/java/packages/lib/amd64:/usr/lib/x86_64-linux-gnu/jni:/lib/x86_64-linux-gnu:/usr/lib/x86_64-linux-gnu:/usr/lib/jni:/lib:/usr/lib"/>
    <property name="java.specification.name" value="Java Platform API Specification"/>
    <property name="java.class.version" value="52.0"/>
    <property name="sun.management.compiler" value="HotSpot 64-Bit Tiered Compilers"/>
    <property name="os.version" value="4.9.41-moby"/>
    <property name="user.home" value="/root"/>
    <property name="user.timezone" value="Etc/UTC"/>
    <property name="java.awt.printerjob" value="sun.print.PSPrinterJob"/>
    <property name="file.encoding" value="UTF-8"/>
    <property name="java.specification.version" value="1.8"/>
    <property name="user.name" value="root"/>
    <property name="java.class.path" value="/usr/share/maven/boot/plexus-classworlds-2.5.2.jar"/>
    <property name="java.vm.specification.version" value="1.8"/>
    <property name="sun.arch.data.model" value="64"/>
    <property name="java.home" value="/usr/lib/jvm/java-8-openjdk-amd64/jre"/>
    <property name="sun.java.command" value="org.codehaus.plexus.classworlds.launcher.Launcher clean test surefire-report:report"/>
    <property name="java.specification.vendor" value="Oracle Corporation"/>
    <property name="user.language" value="en"/>
    <property name="awt.toolkit" value="sun.awt.X11.XToolkit"/>
    <property name="java.vm.info" value="mixed mode"/>
    <property name="java.version" value="1.8.0_121"/>
    <property name="java.ext.dirs" value="/usr/lib/jvm/java-8-openjdk-amd64/jre/lib/ext:/usr/java/packages/lib/ext"/>
    <property name="securerandom.source" value="file:/dev/./urandom"/>
    <property name="sun.boot.class.path" value="/usr/lib/jvm/java-8-openjdk-amd64/jre/lib/resources.jar:/usr/lib/jvm/java-8-openjdk-amd64/jre/lib/rt.jar:/usr/lib/jvm/java-8-openjdk-amd64/jre/lib/sunrsasign.jar:/usr/lib/jvm/java-8-openjdk-amd64/jre/lib/jsse.jar:/usr/lib/jvm/java-8-openjdk-amd64/jre/lib/jce.jar:/usr/lib/jvm/java-8-openjdk-amd64/jre/lib/charsets.jar:/usr/lib/jvm/java-8-openjdk-amd64/jre/lib/jfr.jar:/usr/lib/jvm/java-8-openjdk-amd64/jre/classes"/>
    <property name="java.vendor" value="Oracle Corporation"/>
    <property name="maven.home" value="/usr/share/maven"/>
    <property name="file.separator" value="/"/>
    <property name="java.vendor.url.bug" value="http://bugreport.sun.com/bugreport/"/>
    <property name="sun.cpu.endian" value="little"/>
    <property name="sun.io.unicode.encoding" value="UnicodeLittle"/>
    <property name="sun.cpu.isalist" value=""/>
  </properties>
  <testcase name="Given I am on the Runicorn homepage" classname="Scenario: Gameplay is started on a new game" time="0.003"/>
  <testcase name="Given the start game button is active" classname="Scenario: Gameplay is started on a new game" time="0"/>
  <testcase name="And the restart button is inactive" classname="Scenario: Gameplay is started on a new game" time="0"/>
  <testcase name="When I click start game" classname="Scenario: Gameplay is started on a new game" time="0"/>
  <testcase name="Then the game starts" classname="Scenario: Gameplay is started on a new game" time="0.001"/>
  <testcase name="Scenario: Gameplay is started on a new game" classname="Scenario: Gameplay is started on a new game" time="0.08"/>
  <testcase name="Given I am on the Runicorn homepage" classname="Scenario: Gameplay is restarted on a finished game" time="0"/>
  <testcase name="Given I have started the game" classname="Scenario: Gameplay is restarted on a finished game" time="0"/>
  <testcase name="And I end the game" classname="Scenario: Gameplay is restarted on a finished game" time="0.001"/>
  <testcase name="When I click restart game" classname="Scenario: Gameplay is restarted on a finished game" time="0"/>
  <testcase name="Then the game starts" classname="Scenario: Gameplay is restarted on a finished game" time="0"/>
  <testcase name="Scenario: Gameplay is restarted on a finished game" classname="Scenario: Gameplay is restarted on a finished game" time="0.072"/>
  <testcase name="Given I am on the Runicorn homepage" classname="Scenario: While game is active I am able to jump" time="0"/>
  <testcase name="Given I have started the game" classname="Scenario: While game is active I am able to jump" time="0"/>
  <testcase name="When I press the space bar" classname="Scenario: While game is active I am able to jump" time="0"/>
  <testcase name="Then My unicorn jumps" classname="Scenario: While game is active I am able to jump" time="0"/>
  <testcase name="Scenario: While game is active I am able to jump" classname="Scenario: While game is active I am able to jump" time="0.063"/>
  <testcase name="Given I load runicorn" classname="Scenario: I load Runicorn" time="0"/>
  <testcase name="Then I am on the runicorn page" classname="Scenario: I load Runicorn" time="0"/>
  <testcase name="Scenario: I load Runicorn" classname="Scenario: I load Runicorn" time="0.08"/>
</testsuite>